Using pre-set license
Built from '2020.3/staging' branch; Version is '2020.3.14f1 (d0d1bb862f9d) revision 13685179'; Using compiler version '192528614'; Build Type 'Release'
OS: 'Windows 10 Home; OS build 19042.1288; Version 2009; 64bit' Language: 'es' Physical Memory: 16315 MB
BatchMode: 1, IsHumanControllingUs: 0, StartBugReporterOnCrash: 0, Is64bit: 1, IsPro: 0

 COMMAND LINE ARGUMENTS:
C:\Program Files\Unity\Hub\Editor\2020.3.14f1\Editor\Unity.exe
-adb2
-batchMode
-noUpm
-name
AssetImportWorker0
-projectPath
C:/Users/a_tri/Desktop/Curso Desarrollo Videojuegos/Unity - Proyectos/Proyecto Prueba/Desarrollo Desafios
-logFile
Logs/AssetImportWorker0.log
-srvPort
63891
Successfully changed project path to: C:/Users/a_tri/Desktop/Curso Desarrollo Videojuegos/Unity - Proyectos/Proyecto Prueba/Desarrollo Desafios
C:/Users/a_tri/Desktop/Curso Desarrollo Videojuegos/Unity - Proyectos/Proyecto Prueba/Desarrollo Desafios
Using Asset Import Pipeline V2.
Refreshing native plugins compatible for Editor in 40.23 ms, found 2 plugins.
Preloading 0 native plugins for Editor in 0.00 ms.
Initialize engine version: 2020.3.14f1 (d0d1bb862f9d)
[Subsystems] Discovering subsystems at path C:/Program Files/Unity/Hub/Editor/2020.3.14f1/Editor/Data/Resources/UnitySubsystems
[Subsystems] Discovering subsystems at path C:/Users/a_tri/Desktop/Curso Desarrollo Videojuegos/Unity - Proyectos/Proyecto Prueba/Desarrollo Desafios/Assets
GfxDevice: creating device client; threaded=0
Direct3D:
    Version:  Direct3D 11.0 [level 11.1]
    Renderer: Radeon RX 580 Series (ID=0x67df)
    Vendor:   
    VRAM:     8171 MB
    Driver:   27.20.22025.1006
Initialize mono
Mono path[0] = 'C:/Program Files/Unity/Hub/Editor/2020.3.14f1/Editor/Data/Managed'
Mono path[1] = 'C:/Program Files/Unity/Hub/Editor/2020.3.14f1/Editor/Data/MonoBleedingEdge/lib/mono/unityjit'
Mono config path = 'C:/Program Files/Unity/Hub/Editor/2020.3.14f1/Editor/Data/MonoBleedingEdge/etc'
Using monoOptions --debugger-agent=transport=dt_socket,embedding=1,server=y,suspend=n,address=127.0.0.1:56604
Begin MonoManager ReloadAssembly
Registering precompiled unity dll's ...
Register platform support module: C:/Program Files/Unity/Hub/Editor/2020.3.14f1/Editor/Data/PlaybackEngines/WindowsStandaloneSupport/UnityEditor.WindowsStandalone.Extensions.dll
Registered in 0.002809 seconds.
Native extension for WindowsStandalone target not found
Refreshing native plugins compatible for Editor in 34.23 ms, found 2 plugins.
Preloading 0 native plugins for Editor in 0.00 ms.
Mono: successfully reloaded assembly
- Completed reload, in  1.591 seconds
Domain Reload Profiling:
	ReloadAssembly (1592ms)
		BeginReloadAssembly (130ms)
			ExecutionOrderSort (0ms)
			DisableScriptedObjects (0ms)
			BackupInstance (0ms)
			ReleaseScriptingObjects (0ms)
			CreateAndSetChildDomain (1ms)
		EndReloadAssembly (543ms)
			LoadAssemblies (127ms)
			RebuildTransferFunctionScriptingTraits (0ms)
			SetupTypeCache (210ms)
			ReleaseScriptCaches (0ms)
			RebuildScriptCaches (38ms)
			SetupLoadedEditorAssemblies (208ms)
				LogAssemblyErrors (0ms)
				InitializePlatformSupportModulesInManaged (5ms)
				SetLoadedEditorAssemblies (0ms)
				RefreshPlugins (34ms)
				BeforeProcessingInitializeOnLoad (18ms)
				ProcessInitializeOnLoadAttributes (114ms)
				ProcessInitializeOnLoadMethodAttributes (36ms)
				AfterProcessingInitializeOnLoad (0ms)
				EditorAssembliesLoaded (0ms)
			ExecutionOrderSort2 (0ms)
			AwakeInstancesAfterBackupRestoration (0ms)
Platform modules already initialized, skipping
Registering precompiled user dll's ...
Registered in 0.005267 seconds.
Begin MonoManager ReloadAssembly
Native extension for WindowsStandalone target not found
Refreshing native plugins compatible for Editor in 0.33 ms, found 2 plugins.
Preloading 0 native plugins for Editor in 0.00 ms.
Mono: successfully reloaded assembly
- Completed reload, in  1.297 seconds
Domain Reload Profiling:
	ReloadAssembly (1298ms)
		BeginReloadAssembly (193ms)
			ExecutionOrderSort (0ms)
			DisableScriptedObjects (6ms)
			BackupInstance (0ms)
			ReleaseScriptingObjects (0ms)
			CreateAndSetChildDomain (23ms)
		EndReloadAssembly (1015ms)
			LoadAssemblies (106ms)
			RebuildTransferFunctionScriptingTraits (0ms)
			SetupTypeCache (346ms)
			ReleaseScriptCaches (0ms)
			RebuildScriptCaches (47ms)
			SetupLoadedEditorAssemblies (392ms)
				LogAssemblyErrors (0ms)
				InitializePlatformSupportModulesInManaged (6ms)
				SetLoadedEditorAssemblies (1ms)
				RefreshPlugins (0ms)
				BeforeProcessingInitializeOnLoad (112ms)
				ProcessInitializeOnLoadAttributes (260ms)
				ProcessInitializeOnLoadMethodAttributes (5ms)
				AfterProcessingInitializeOnLoad (6ms)
				EditorAssembliesLoaded (0ms)
			ExecutionOrderSort2 (0ms)
			AwakeInstancesAfterBackupRestoration (9ms)
Platform modules already initialized, skipping
========================================================================
Worker process is ready to serve import requests
Launched and connected shader compiler UnityShaderCompiler.exe after 0.07 seconds
Refreshing native plugins compatible for Editor in 0.32 ms, found 2 plugins.
Preloading 0 native plugins for Editor in 0.00 ms.
Unloading 1393 Unused Serialized files (Serialized files now loaded: 0)
System memory in use before: 65.4 MB.
System memory in use after: 65.4 MB.

Unloading 19 unused Assets to reduce memory usage. Loaded Objects now: 1826.
Total: 2.440700 ms (FindLiveObjects: 0.165700 ms CreateObjectMapping: 0.039100 ms MarkObjects: 2.139400 ms  DeleteObjects: 0.095200 ms)

AssetImportParameters requested are different than current active one (requested -> active):
  custom:framework-win-MediaFoundation: 216162199b28c13a410421893ffa2e32 -> 
  custom:video-decoder-ogg-theora: a1e56fd34408186e4bbccfd4996cb3dc -> 
  custom:container-muxer-webm: aa71ff27fc2769a1b78a27578f13a17b -> 
  custom:container-demuxer-webm: 4f35f7cbe854078d1ac9338744f61a02 -> 
  custom:container-demuxer-ogg: 62fdf1f143b41e24485cea50d1cbac27 -> 
  custom:video-encoder-webm-vp8: eb34c28f22e8b96e1ab97ce403110664 -> 
  custom:video-decoder-webm-vp8: 9c59270c3fd7afecdb556c50c9e8de78 -> 
  custom:audio-decoder-ogg-vorbis: bf7c407c2cedff20999df2af8eb42d56 -> 
  custom:audio-encoder-webm-vorbis: bf7c407c2cedff20999df2af8eb42d56 -> 
========================================================================
Received Import Request.
  path: Assets/Prefabs/Player.prefab
  artifactKey: Guid(2ce6949dc83b523428de4462dfec495f) Importer(815301076,1909f56bfc062723c751e8b465ee728b)
Start importing Assets/Prefabs/Player.prefab using Guid(2ce6949dc83b523428de4462dfec495f) Importer(815301076,1909f56bfc062723c751e8b465ee728b)  -> (artifact id: 'a94bbfaab09b4ac5539e75151874b7db') in 0.130770 seconds 
  Import took 0.133880 seconds .

========================================================================
Received Import Request.
  Time since last request: 0.000195 seconds.
  path: Assets/Prefabs/Fireball.prefab
  artifactKey: Guid(14816230aa1061f419fbc00c7fe7c1a0) Importer(815301076,1909f56bfc062723c751e8b465ee728b)
Start importing Assets/Prefabs/Fireball.prefab using Guid(14816230aa1061f419fbc00c7fe7c1a0) Importer(815301076,1909f56bfc062723c751e8b465ee728b)  -> (artifact id: '6237e0d7f36c9395d0ad6e82e1039893') in 0.025942 seconds 
  Import took 0.028481 seconds .

========================================================================
Received Import Request.
  Time since last request: 0.000202 seconds.
  path: Assets/Prefabs/Shooter.prefab
  artifactKey: Guid(0b03889845c8ae5449402daad31861d5) Importer(815301076,1909f56bfc062723c751e8b465ee728b)
Start importing Assets/Prefabs/Shooter.prefab using Guid(0b03889845c8ae5449402daad31861d5) Importer(815301076,1909f56bfc062723c751e8b465ee728b)  -> (artifact id: '9c0bc796dc38ada823a62dc5c2d1cdcd') in 0.012205 seconds 
  Import took 0.015167 seconds .

========================================================================
Received Import Request.
  Time since last request: 1.976553 seconds.
  path: Assets/Scripts/FireballController.cs
  artifactKey: Guid(c782e339ea623fe48bb8a346c2749b80) Importer(815301076,1909f56bfc062723c751e8b465ee728b)
Start importing Assets/Scripts/FireballController.cs using Guid(c782e339ea623fe48bb8a346c2749b80) Importer(815301076,1909f56bfc062723c751e8b465ee728b)  -> (artifact id: '73aa8c5d75e525c539c155d4cb138d61') in 0.012516 seconds 
  Import took 0.015121 seconds .

========================================================================
Received Import Request.
  Time since last request: 2.297782 seconds.
  path: Assets/Scripts/ShootController.cs
  artifactKey: Guid(d6504193a669c794391ef3547d05bbea) Importer(815301076,1909f56bfc062723c751e8b465ee728b)
Start importing Assets/Scripts/ShootController.cs using Guid(d6504193a669c794391ef3547d05bbea) Importer(815301076,1909f56bfc062723c751e8b465ee728b)  -> (artifact id: '9490b9142d2439c34924b56237f1022d') in 0.008755 seconds 
  Import took 0.010958 seconds .

========================================================================
Received Import Request.
  Time since last request: 0.030735 seconds.
  path: Assets/Scripts/ShootController.cs
  artifactKey: Guid(d6504193a669c794391ef3547d05bbea) Importer(815301076,1909f56bfc062723c751e8b465ee728b)
Start importing Assets/Scripts/ShootController.cs using Guid(d6504193a669c794391ef3547d05bbea) Importer(815301076,1909f56bfc062723c751e8b465ee728b)  -> (artifact id: '9490b9142d2439c34924b56237f1022d') in 0.004942 seconds 
  Import took 0.008049 seconds .

========================================================================
Received Import Request.
  Time since last request: 1.258229 seconds.
  path: Assets/Scripts/PlayerController.cs
  artifactKey: Guid(06512c0e933fec34da59b477660d7039) Importer(815301076,1909f56bfc062723c751e8b465ee728b)
Start importing Assets/Scripts/PlayerController.cs using Guid(06512c0e933fec34da59b477660d7039) Importer(815301076,1909f56bfc062723c751e8b465ee728b)  -> (artifact id: 'ee17f5a0698505a97c60b1408ace9f41') in 0.009590 seconds 
  Import took 0.012358 seconds .

========================================================================
Received Import Request.
  Time since last request: 0.064403 seconds.
  path: Assets/Scripts/PlayerController.cs
  artifactKey: Guid(06512c0e933fec34da59b477660d7039) Importer(815301076,1909f56bfc062723c751e8b465ee728b)
Start importing Assets/Scripts/PlayerController.cs using Guid(06512c0e933fec34da59b477660d7039) Importer(815301076,1909f56bfc062723c751e8b465ee728b)  -> (artifact id: 'ee17f5a0698505a97c60b1408ace9f41') in 0.003600 seconds 
  Import took 0.006721 seconds .

========================================================================
Received Prepare
Registering precompiled user dll's ...
Registered in 0.004711 seconds.
Begin MonoManager ReloadAssembly
Native extension for WindowsStandalone target not found
Refreshing native plugins compatible for Editor in 0.49 ms, found 2 plugins.
Preloading 0 native plugins for Editor in 0.00 ms.
Mono: successfully reloaded assembly
- Completed reload, in  1.414 seconds
Domain Reload Profiling:
	ReloadAssembly (1415ms)
		BeginReloadAssembly (155ms)
			ExecutionOrderSort (0ms)
			DisableScriptedObjects (6ms)
			BackupInstance (0ms)
			ReleaseScriptingObjects (0ms)
			CreateAndSetChildDomain (38ms)
		EndReloadAssembly (1167ms)
			LoadAssemblies (141ms)
			RebuildTransferFunctionScriptingTraits (0ms)
			SetupTypeCache (409ms)
			ReleaseScriptCaches (1ms)
			RebuildScriptCaches (53ms)
			SetupLoadedEditorAssemblies (411ms)
				LogAssemblyErrors (0ms)
				InitializePlatformSupportModulesInManaged (9ms)
				SetLoadedEditorAssemblies (1ms)
				RefreshPlugins (1ms)
				BeforeProcessingInitializeOnLoad (115ms)
				ProcessInitializeOnLoadAttributes (271ms)
				ProcessInitializeOnLoadMethodAttributes (5ms)
				AfterProcessingInitializeOnLoad (9ms)
				EditorAssembliesLoaded (0ms)
			ExecutionOrderSort2 (0ms)
			AwakeInstancesAfterBackupRestoration (9ms)
Platform modules already initialized, skipping
Refreshing native plugins compatible for Editor in 0.36 ms, found 2 plugins.
Preloading 0 native plugins for Editor in 0.00 ms.
Unloading 1388 Unused Serialized files (Serialized files now loaded: 0)
System memory in use before: 68.5 MB.
System memory in use after: 68.6 MB.

Unloading 14 unused Assets to reduce memory usage. Loaded Objects now: 1837.
Total: 2.498900 ms (FindLiveObjects: 0.169400 ms CreateObjectMapping: 0.043600 ms MarkObjects: 2.217000 ms  DeleteObjects: 0.067700 ms)

AssetImportParameters requested are different than current active one (requested -> active):
  custom:framework-win-MediaFoundation: 216162199b28c13a410421893ffa2e32 -> 
  custom:video-decoder-ogg-theora: a1e56fd34408186e4bbccfd4996cb3dc -> 
  custom:container-muxer-webm: aa71ff27fc2769a1b78a27578f13a17b -> 
  custom:container-demuxer-webm: 4f35f7cbe854078d1ac9338744f61a02 -> 
  custom:container-demuxer-ogg: 62fdf1f143b41e24485cea50d1cbac27 -> 
  custom:video-encoder-webm-vp8: eb34c28f22e8b96e1ab97ce403110664 -> 
  custom:video-decoder-webm-vp8: 9c59270c3fd7afecdb556c50c9e8de78 -> 
  custom:audio-decoder-ogg-vorbis: bf7c407c2cedff20999df2af8eb42d56 -> 
  custom:audio-encoder-webm-vorbis: bf7c407c2cedff20999df2af8eb42d56 -> 
========================================================================
Received Import Request.
  Time since last request: 298.299497 seconds.
  path: Assets/Scripts/ShootController.cs
  artifactKey: Guid(d6504193a669c794391ef3547d05bbea) Importer(815301076,1909f56bfc062723c751e8b465ee728b)
Start importing Assets/Scripts/ShootController.cs using Guid(d6504193a669c794391ef3547d05bbea) Importer(815301076,1909f56bfc062723c751e8b465ee728b)  -> (artifact id: '0f9c3a14961e40ff5d111a6fbe793550') in 0.006150 seconds 
  Import took 0.008870 seconds .

========================================================================
Received Import Request.
  Time since last request: 16.648471 seconds.
  path: Assets/Prefabs/Shooter.prefab
  artifactKey: Guid(0b03889845c8ae5449402daad31861d5) Importer(815301076,1909f56bfc062723c751e8b465ee728b)
Start importing Assets/Prefabs/Shooter.prefab using Guid(0b03889845c8ae5449402daad31861d5) Importer(815301076,1909f56bfc062723c751e8b465ee728b)  -> (artifact id: '8f33732a2b4530da0938c666680da554') in 0.027454 seconds 
  Import took 0.030480 seconds .

========================================================================
Received Import Request.
  Time since last request: 5.052181 seconds.
  path: Assets/Prefabs/Shooter.prefab
  artifactKey: Guid(0b03889845c8ae5449402daad31861d5) Importer(815301076,1909f56bfc062723c751e8b465ee728b)
Start importing Assets/Prefabs/Shooter.prefab using Guid(0b03889845c8ae5449402daad31861d5) Importer(815301076,1909f56bfc062723c751e8b465ee728b)  -> (artifact id: 'c49db5c9072da583109324009efda71c') in 0.006747 seconds 
  Import took 0.009586 seconds .

========================================================================
Received Import Request.
  Time since last request: 0.011834 seconds.
  path: Assets/Prefabs/Shooter.prefab
  artifactKey: Guid(0b03889845c8ae5449402daad31861d5) Importer(815301076,1909f56bfc062723c751e8b465ee728b)
Start importing Assets/Prefabs/Shooter.prefab using Guid(0b03889845c8ae5449402daad31861d5) Importer(815301076,1909f56bfc062723c751e8b465ee728b)  -> (artifact id: 'c49db5c9072da583109324009efda71c') in 0.006792 seconds 
  Import took 0.009663 seconds .

========================================================================
Received Import Request.
  Time since last request: 0.721154 seconds.
  path: Assets/Prefabs/Shooter.prefab
  artifactKey: Guid(0b03889845c8ae5449402daad31861d5) Importer(815301076,1909f56bfc062723c751e8b465ee728b)
Start importing Assets/Prefabs/Shooter.prefab using Guid(0b03889845c8ae5449402daad31861d5) Importer(815301076,1909f56bfc062723c751e8b465ee728b)  -> (artifact id: 'd0b25079fb41b7c02e78ada99a72b09a') in 0.007111 seconds 
  Import took 0.009872 seconds .

========================================================================
Received Import Request.
  Time since last request: 0.010794 seconds.
  path: Assets/Prefabs/Shooter.prefab
  artifactKey: Guid(0b03889845c8ae5449402daad31861d5) Importer(815301076,1909f56bfc062723c751e8b465ee728b)
Start importing Assets/Prefabs/Shooter.prefab using Guid(0b03889845c8ae5449402daad31861d5) Importer(815301076,1909f56bfc062723c751e8b465ee728b)  -> (artifact id: 'd0b25079fb41b7c02e78ada99a72b09a') in 0.006584 seconds 
  Import took 0.009109 seconds .

========================================================================
Received Import Request.
  Time since last request: 1.382561 seconds.
  path: Assets/Prefabs/Shooter.prefab
  artifactKey: Guid(0b03889845c8ae5449402daad31861d5) Importer(815301076,1909f56bfc062723c751e8b465ee728b)
Start importing Assets/Prefabs/Shooter.prefab using Guid(0b03889845c8ae5449402daad31861d5) Importer(815301076,1909f56bfc062723c751e8b465ee728b)  -> (artifact id: '86202e84f56e663ea0267c2fc7d65a99') in 0.007160 seconds 
  Import took 0.010127 seconds .

========================================================================
Received Import Request.
  Time since last request: 0.011990 seconds.
  path: Assets/Prefabs/Shooter.prefab
  artifactKey: Guid(0b03889845c8ae5449402daad31861d5) Importer(815301076,1909f56bfc062723c751e8b465ee728b)
Start importing Assets/Prefabs/Shooter.prefab using Guid(0b03889845c8ae5449402daad31861d5) Importer(815301076,1909f56bfc062723c751e8b465ee728b)  -> (artifact id: '86202e84f56e663ea0267c2fc7d65a99') in 0.006799 seconds 
  Import took 0.009810 seconds .

========================================================================
Received Prepare
Registering precompiled user dll's ...
Registered in 0.004965 seconds.
Begin MonoManager ReloadAssembly
Native extension for WindowsStandalone target not found
Refreshing native plugins compatible for Editor in 0.32 ms, found 2 plugins.
Preloading 0 native plugins for Editor in 0.00 ms.
Mono: successfully reloaded assembly
- Completed reload, in  1.355 seconds
Domain Reload Profiling:
	ReloadAssembly (1356ms)
		BeginReloadAssembly (150ms)
			ExecutionOrderSort (0ms)
			DisableScriptedObjects (7ms)
			BackupInstance (0ms)
			ReleaseScriptingObjects (0ms)
			CreateAndSetChildDomain (37ms)
		EndReloadAssembly (1108ms)
			LoadAssemblies (126ms)
			RebuildTransferFunctionScriptingTraits (0ms)
			SetupTypeCache (427ms)
			ReleaseScriptCaches (1ms)
			RebuildScriptCaches (69ms)
			SetupLoadedEditorAssemblies (356ms)
				LogAssemblyErrors (0ms)
				InitializePlatformSupportModulesInManaged (6ms)
				SetLoadedEditorAssemblies (1ms)
				RefreshPlugins (0ms)
				BeforeProcessingInitializeOnLoad (106ms)
				ProcessInitializeOnLoadAttributes (231ms)
				ProcessInitializeOnLoadMethodAttributes (5ms)
				AfterProcessingInitializeOnLoad (6ms)
				EditorAssembliesLoaded (0ms)
			ExecutionOrderSort2 (0ms)
			AwakeInstancesAfterBackupRestoration (8ms)
Platform modules already initialized, skipping
Refreshing native plugins compatible for Editor in 0.30 ms, found 2 plugins.
Preloading 0 native plugins for Editor in 0.00 ms.
Unloading 1388 Unused Serialized files (Serialized files now loaded: 0)
System memory in use before: 68.5 MB.
System memory in use after: 68.6 MB.

Unloading 14 unused Assets to reduce memory usage. Loaded Objects now: 1840.
Total: 2.160800 ms (FindLiveObjects: 0.158400 ms CreateObjectMapping: 0.033800 ms MarkObjects: 1.910700 ms  DeleteObjects: 0.056600 ms)

AssetImportParameters requested are different than current active one (requested -> active):
  custom:framework-win-MediaFoundation: 216162199b28c13a410421893ffa2e32 -> 
  custom:video-decoder-ogg-theora: a1e56fd34408186e4bbccfd4996cb3dc -> 
  custom:container-muxer-webm: aa71ff27fc2769a1b78a27578f13a17b -> 
  custom:container-demuxer-webm: 4f35f7cbe854078d1ac9338744f61a02 -> 
  custom:container-demuxer-ogg: 62fdf1f143b41e24485cea50d1cbac27 -> 
  custom:video-encoder-webm-vp8: eb34c28f22e8b96e1ab97ce403110664 -> 
  custom:video-decoder-webm-vp8: 9c59270c3fd7afecdb556c50c9e8de78 -> 
  custom:audio-decoder-ogg-vorbis: bf7c407c2cedff20999df2af8eb42d56 -> 
  custom:audio-encoder-webm-vorbis: bf7c407c2cedff20999df2af8eb42d56 -> 
========================================================================
Received Import Request.
  Time since last request: 47.140251 seconds.
  path: Assets/Prefabs/Fireball.prefab
  artifactKey: Guid(14816230aa1061f419fbc00c7fe7c1a0) Importer(815301076,1909f56bfc062723c751e8b465ee728b)
Start importing Assets/Prefabs/Fireball.prefab using Guid(14816230aa1061f419fbc00c7fe7c1a0) Importer(815301076,1909f56bfc062723c751e8b465ee728b)  -> (artifact id: '66c32f8c2ad1277ac3f3e5f08e93535c') in 0.068124 seconds 
  Import took 0.070881 seconds .

========================================================================
Received Import Request.
  Time since last request: 2.194189 seconds.
  path: Assets/Prefabs/Fireball.prefab
  artifactKey: Guid(14816230aa1061f419fbc00c7fe7c1a0) Importer(815301076,1909f56bfc062723c751e8b465ee728b)
Start importing Assets/Prefabs/Fireball.prefab using Guid(14816230aa1061f419fbc00c7fe7c1a0) Importer(815301076,1909f56bfc062723c751e8b465ee728b)  -> (artifact id: '66c32f8c2ad1277ac3f3e5f08e93535c') in 0.014841 seconds 
  Import took 0.017840 seconds .

========================================================================
Received Prepare
Registering precompiled user dll's ...
Registered in 0.005518 seconds.
Begin MonoManager ReloadAssembly
Native extension for WindowsStandalone target not found
Refreshing native plugins compatible for Editor in 0.53 ms, found 2 plugins.
Preloading 0 native plugins for Editor in 0.00 ms.
Mono: successfully reloaded assembly
- Completed reload, in  1.441 seconds
Domain Reload Profiling:
	ReloadAssembly (1441ms)
		BeginReloadAssembly (176ms)
			ExecutionOrderSort (0ms)
			DisableScriptedObjects (6ms)
			BackupInstance (0ms)
			ReleaseScriptingObjects (0ms)
			CreateAndSetChildDomain (51ms)
		EndReloadAssembly (1169ms)
			LoadAssemblies (136ms)
			RebuildTransferFunctionScriptingTraits (0ms)
			SetupTypeCache (474ms)
			ReleaseScriptCaches (1ms)
			RebuildScriptCaches (51ms)
			SetupLoadedEditorAssemblies (389ms)
				LogAssemblyErrors (0ms)
				InitializePlatformSupportModulesInManaged (8ms)
				SetLoadedEditorAssemblies (1ms)
				RefreshPlugins (1ms)
				BeforeProcessingInitializeOnLoad (113ms)
				ProcessInitializeOnLoadAttributes (254ms)
				ProcessInitializeOnLoadMethodAttributes (6ms)
				AfterProcessingInitializeOnLoad (6ms)
				EditorAssembliesLoaded (0ms)
			ExecutionOrderSort2 (0ms)
			AwakeInstancesAfterBackupRestoration (9ms)
Platform modules already initialized, skipping
Refreshing native plugins compatible for Editor in 0.37 ms, found 2 plugins.
Preloading 0 native plugins for Editor in 0.00 ms.
Unloading 1388 Unused Serialized files (Serialized files now loaded: 0)
System memory in use before: 68.5 MB.
System memory in use after: 68.6 MB.

Unloading 14 unused Assets to reduce memory usage. Loaded Objects now: 1844.
Total: 2.642100 ms (FindLiveObjects: 0.187200 ms CreateObjectMapping: 0.046200 ms MarkObjects: 2.335800 ms  DeleteObjects: 0.071000 ms)

AssetImportParameters requested are different than current active one (requested -> active):
  custom:framework-win-MediaFoundation: 216162199b28c13a410421893ffa2e32 -> 
  custom:video-decoder-ogg-theora: a1e56fd34408186e4bbccfd4996cb3dc -> 
  custom:container-muxer-webm: aa71ff27fc2769a1b78a27578f13a17b -> 
  custom:container-demuxer-webm: 4f35f7cbe854078d1ac9338744f61a02 -> 
  custom:container-demuxer-ogg: 62fdf1f143b41e24485cea50d1cbac27 -> 
  custom:video-encoder-webm-vp8: eb34c28f22e8b96e1ab97ce403110664 -> 
  custom:video-decoder-webm-vp8: 9c59270c3fd7afecdb556c50c9e8de78 -> 
  custom:audio-decoder-ogg-vorbis: bf7c407c2cedff20999df2af8eb42d56 -> 
  custom:audio-encoder-webm-vorbis: bf7c407c2cedff20999df2af8eb42d56 -> 
========================================================================
Received Prepare
Registering precompiled user dll's ...
Registered in 0.004825 seconds.
Begin MonoManager ReloadAssembly
Native extension for WindowsStandalone target not found
Refreshing native plugins compatible for Editor in 0.37 ms, found 2 plugins.
Preloading 0 native plugins for Editor in 0.00 ms.
Mono: successfully reloaded assembly
- Completed reload, in  1.337 seconds
Domain Reload Profiling:
	ReloadAssembly (1338ms)
		BeginReloadAssembly (148ms)
			ExecutionOrderSort (0ms)
			DisableScriptedObjects (6ms)
			BackupInstance (0ms)
			ReleaseScriptingObjects (0ms)
			CreateAndSetChildDomain (39ms)
		EndReloadAssembly (1087ms)
			LoadAssemblies (138ms)
			RebuildTransferFunctionScriptingTraits (0ms)
			SetupTypeCache (410ms)
			ReleaseScriptCaches (1ms)
			RebuildScriptCaches (49ms)
			SetupLoadedEditorAssemblies (369ms)
				LogAssemblyErrors (0ms)
				InitializePlatformSupportModulesInManaged (6ms)
				SetLoadedEditorAssemblies (1ms)
				RefreshPlugins (0ms)
				BeforeProcessingInitializeOnLoad (105ms)
				ProcessInitializeOnLoadAttributes (246ms)
				ProcessInitializeOnLoadMethodAttributes (5ms)
				AfterProcessingInitializeOnLoad (6ms)
				EditorAssembliesLoaded (0ms)
			ExecutionOrderSort2 (0ms)
			AwakeInstancesAfterBackupRestoration (7ms)
Platform modules already initialized, skipping
Refreshing native plugins compatible for Editor in 0.32 ms, found 2 plugins.
Preloading 0 native plugins for Editor in 0.00 ms.
Unloading 1388 Unused Serialized files (Serialized files now loaded: 0)
System memory in use before: 68.6 MB.
System memory in use after: 68.6 MB.

Unloading 14 unused Assets to reduce memory usage. Loaded Objects now: 1847.
Total: 2.288400 ms (FindLiveObjects: 0.162300 ms CreateObjectMapping: 0.040500 ms MarkObjects: 2.024500 ms  DeleteObjects: 0.059700 ms)

AssetImportParameters requested are different than current active one (requested -> active):
  custom:framework-win-MediaFoundation: 216162199b28c13a410421893ffa2e32 -> 
  custom:video-decoder-ogg-theora: a1e56fd34408186e4bbccfd4996cb3dc -> 
  custom:container-muxer-webm: aa71ff27fc2769a1b78a27578f13a17b -> 
  custom:container-demuxer-webm: 4f35f7cbe854078d1ac9338744f61a02 -> 
  custom:container-demuxer-ogg: 62fdf1f143b41e24485cea50d1cbac27 -> 
  custom:video-encoder-webm-vp8: eb34c28f22e8b96e1ab97ce403110664 -> 
  custom:video-decoder-webm-vp8: 9c59270c3fd7afecdb556c50c9e8de78 -> 
  custom:audio-decoder-ogg-vorbis: bf7c407c2cedff20999df2af8eb42d56 -> 
  custom:audio-encoder-webm-vorbis: bf7c407c2cedff20999df2af8eb42d56 -> 
========================================================================
Received Prepare
Registering precompiled user dll's ...
Registered in 0.005783 seconds.
Begin MonoManager ReloadAssembly
Native extension for WindowsStandalone target not found
Refreshing native plugins compatible for Editor in 0.31 ms, found 2 plugins.
Preloading 0 native plugins for Editor in 0.00 ms.
Mono: successfully reloaded assembly
- Completed reload, in  1.401 seconds
Domain Reload Profiling:
	ReloadAssembly (1401ms)
		BeginReloadAssembly (155ms)
			ExecutionOrderSort (0ms)
			DisableScriptedObjects (8ms)
			BackupInstance (0ms)
			ReleaseScriptingObjects (0ms)
			CreateAndSetChildDomain (37ms)
		EndReloadAssembly (1155ms)
			LoadAssemblies (134ms)
			RebuildTransferFunctionScriptingTraits (0ms)
			SetupTypeCache (399ms)
			ReleaseScriptCaches (1ms)
			RebuildScriptCaches (60ms)
			SetupLoadedEditorAssemblies (401ms)
				LogAssemblyErrors (0ms)
				InitializePlatformSupportModulesInManaged (7ms)
				SetLoadedEditorAssemblies (1ms)
				RefreshPlugins (0ms)
				BeforeProcessingInitializeOnLoad (105ms)
				ProcessInitializeOnLoadAttributes (274ms)
				ProcessInitializeOnLoadMethodAttributes (6ms)
				AfterProcessingInitializeOnLoad (7ms)
				EditorAssembliesLoaded (0ms)
			ExecutionOrderSort2 (0ms)
			AwakeInstancesAfterBackupRestoration (10ms)
Platform modules already initialized, skipping
Refreshing native plugins compatible for Editor in 0.36 ms, found 2 plugins.
Preloading 0 native plugins for Editor in 0.00 ms.
Unloading 1388 Unused Serialized files (Serialized files now loaded: 0)
System memory in use before: 68.6 MB.
System memory in use after: 68.6 MB.

Unloading 14 unused Assets to reduce memory usage. Loaded Objects now: 1850.
Total: 2.754700 ms (FindLiveObjects: 0.176900 ms CreateObjectMapping: 0.092600 ms MarkObjects: 2.409500 ms  DeleteObjects: 0.074200 ms)

AssetImportParameters requested are different than current active one (requested -> active):
  custom:framework-win-MediaFoundation: 216162199b28c13a410421893ffa2e32 -> 
  custom:video-decoder-ogg-theora: a1e56fd34408186e4bbccfd4996cb3dc -> 
  custom:container-muxer-webm: aa71ff27fc2769a1b78a27578f13a17b -> 
  custom:container-demuxer-webm: 4f35f7cbe854078d1ac9338744f61a02 -> 
  custom:container-demuxer-ogg: 62fdf1f143b41e24485cea50d1cbac27 -> 
  custom:video-encoder-webm-vp8: eb34c28f22e8b96e1ab97ce403110664 -> 
  custom:video-decoder-webm-vp8: 9c59270c3fd7afecdb556c50c9e8de78 -> 
  custom:audio-decoder-ogg-vorbis: bf7c407c2cedff20999df2af8eb42d56 -> 
  custom:audio-encoder-webm-vorbis: bf7c407c2cedff20999df2af8eb42d56 -> 
========================================================================
Received Import Request.
  Time since last request: 416.263165 seconds.
  path: Assets/Prefabs/Shooter.prefab
  artifactKey: Guid(0b03889845c8ae5449402daad31861d5) Importer(815301076,1909f56bfc062723c751e8b465ee728b)
Start importing Assets/Prefabs/Shooter.prefab using Guid(0b03889845c8ae5449402daad31861d5) Importer(815301076,1909f56bfc062723c751e8b465ee728b)  -> (artifact id: '9d77bbdb6f36672f69730a41adebfbfa') in 0.034479 seconds 
  Import took 0.037606 seconds .

========================================================================
Received Prepare
Registering precompiled user dll's ...
Registered in 0.004266 seconds.
Begin MonoManager ReloadAssembly
Native extension for WindowsStandalone target not found
Refreshing native plugins compatible for Editor in 0.46 ms, found 2 plugins.
Preloading 0 native plugins for Editor in 0.00 ms.
Mono: successfully reloaded assembly
- Completed reload, in  1.289 seconds
Domain Reload Profiling:
	ReloadAssembly (1290ms)
		BeginReloadAssembly (141ms)
			ExecutionOrderSort (0ms)
			DisableScriptedObjects (8ms)
			BackupInstance (0ms)
			ReleaseScriptingObjects (0ms)
			CreateAndSetChildDomain (34ms)
		EndReloadAssembly (1057ms)
			LoadAssemblies (106ms)
			RebuildTransferFunctionScriptingTraits (0ms)
			SetupTypeCache (338ms)
			ReleaseScriptCaches (2ms)
			RebuildScriptCaches (62ms)
			SetupLoadedEditorAssemblies (380ms)
				LogAssemblyErrors (0ms)
				InitializePlatformSupportModulesInManaged (11ms)
				SetLoadedEditorAssemblies (1ms)
				RefreshPlugins (1ms)
				BeforeProcessingInitializeOnLoad (109ms)
				ProcessInitializeOnLoadAttributes (244ms)
				ProcessInitializeOnLoadMethodAttributes (6ms)
				AfterProcessingInitializeOnLoad (9ms)
				EditorAssembliesLoaded (0ms)
			ExecutionOrderSort2 (0ms)
			AwakeInstancesAfterBackupRestoration (11ms)
Platform modules already initialized, skipping
Refreshing native plugins compatible for Editor in 0.30 ms, found 2 plugins.
Preloading 0 native plugins for Editor in 0.00 ms.
Unloading 1388 Unused Serialized files (Serialized files now loaded: 0)
System memory in use before: 68.6 MB.
System memory in use after: 68.7 MB.

Unloading 14 unused Assets to reduce memory usage. Loaded Objects now: 1853.
Total: 2.374300 ms (FindLiveObjects: 0.163700 ms CreateObjectMapping: 0.041000 ms MarkObjects: 2.104900 ms  DeleteObjects: 0.063500 ms)

AssetImportParameters requested are different than current active one (requested -> active):
  custom:framework-win-MediaFoundation: 216162199b28c13a410421893ffa2e32 -> 
  custom:video-decoder-ogg-theora: a1e56fd34408186e4bbccfd4996cb3dc -> 
  custom:container-muxer-webm: aa71ff27fc2769a1b78a27578f13a17b -> 
  custom:container-demuxer-webm: 4f35f7cbe854078d1ac9338744f61a02 -> 
  custom:container-demuxer-ogg: 62fdf1f143b41e24485cea50d1cbac27 -> 
  custom:video-encoder-webm-vp8: eb34c28f22e8b96e1ab97ce403110664 -> 
  custom:video-decoder-webm-vp8: 9c59270c3fd7afecdb556c50c9e8de78 -> 
  custom:audio-decoder-ogg-vorbis: bf7c407c2cedff20999df2af8eb42d56 -> 
  custom:audio-encoder-webm-vorbis: bf7c407c2cedff20999df2af8eb42d56 -> 
========================================================================
Received Import Request.
  Time since last request: 8.773288 seconds.
  path: Assets/Prefabs/Shooter.prefab
  artifactKey: Guid(0b03889845c8ae5449402daad31861d5) Importer(815301076,1909f56bfc062723c751e8b465ee728b)
Start importing Assets/Prefabs/Shooter.prefab using Guid(0b03889845c8ae5449402daad31861d5) Importer(815301076,1909f56bfc062723c751e8b465ee728b)  -> (artifact id: '6b6631fdb15d5a733344eb88ae3ba250') in 0.029710 seconds 
  Import took 0.032334 seconds .

========================================================================
Received Import Request.
  Time since last request: 4.187548 seconds.
  path: Assets/Prefabs/Shooter.prefab
  artifactKey: Guid(0b03889845c8ae5449402daad31861d5) Importer(815301076,1909f56bfc062723c751e8b465ee728b)
Start importing Assets/Prefabs/Shooter.prefab using Guid(0b03889845c8ae5449402daad31861d5) Importer(815301076,1909f56bfc062723c751e8b465ee728b)  -> (artifact id: 'c31ffbc493cd2e645f6f215a6a331872') in 0.006428 seconds 
  Import took 0.009044 seconds .

========================================================================
Received Import Request.
  Time since last request: 0.013899 seconds.
  path: Assets/Prefabs/Shooter.prefab
  artifactKey: Guid(0b03889845c8ae5449402daad31861d5) Importer(815301076,1909f56bfc062723c751e8b465ee728b)
Start importing Assets/Prefabs/Shooter.prefab using Guid(0b03889845c8ae5449402daad31861d5) Importer(815301076,1909f56bfc062723c751e8b465ee728b)  -> (artifact id: 'c31ffbc493cd2e645f6f215a6a331872') in 0.007525 seconds 
  Import took 0.010372 seconds .

========================================================================
Received Import Request.
  Time since last request: 1.759177 seconds.
  path: Assets/Prefabs/Shooter.prefab
  artifactKey: Guid(0b03889845c8ae5449402daad31861d5) Importer(815301076,1909f56bfc062723c751e8b465ee728b)
Start importing Assets/Prefabs/Shooter.prefab using Guid(0b03889845c8ae5449402daad31861d5) Importer(815301076,1909f56bfc062723c751e8b465ee728b)  -> (artifact id: '64be5e5e0c6408e78577c89f55dc688c') in 0.006093 seconds 
  Import took 0.008720 seconds .

========================================================================
Received Import Request.
  Time since last request: 0.013832 seconds.
  path: Assets/Prefabs/Shooter.prefab
  artifactKey: Guid(0b03889845c8ae5449402daad31861d5) Importer(815301076,1909f56bfc062723c751e8b465ee728b)
Start importing Assets/Prefabs/Shooter.prefab using Guid(0b03889845c8ae5449402daad31861d5) Importer(815301076,1909f56bfc062723c751e8b465ee728b)  -> (artifact id: '64be5e5e0c6408e78577c89f55dc688c') in 0.006050 seconds 
  Import took 0.009227 seconds .

========================================================================
Received Import Request.
  Time since last request: 2.639261 seconds.
  path: Assets/Prefabs/Shooter.prefab
  artifactKey: Guid(0b03889845c8ae5449402daad31861d5) Importer(815301076,1909f56bfc062723c751e8b465ee728b)
Start importing Assets/Prefabs/Shooter.prefab using Guid(0b03889845c8ae5449402daad31861d5) Importer(815301076,1909f56bfc062723c751e8b465ee728b)  -> (artifact id: '3c54cffbf00b9463c9d10ecd56e236ef') in 0.006861 seconds 
  Import took 0.009900 seconds .

========================================================================
Received Import Request.
  Time since last request: 0.011893 seconds.
  path: Assets/Prefabs/Shooter.prefab
  artifactKey: Guid(0b03889845c8ae5449402daad31861d5) Importer(815301076,1909f56bfc062723c751e8b465ee728b)
Start importing Assets/Prefabs/Shooter.prefab using Guid(0b03889845c8ae5449402daad31861d5) Importer(815301076,1909f56bfc062723c751e8b465ee728b)  -> (artifact id: '3c54cffbf00b9463c9d10ecd56e236ef') in 0.006971 seconds 
  Import took 0.009366 seconds .

========================================================================
Received Import Request.
  Time since last request: 1.971412 seconds.
  path: Assets/Prefabs/Shooter.prefab
  artifactKey: Guid(0b03889845c8ae5449402daad31861d5) Importer(815301076,1909f56bfc062723c751e8b465ee728b)
Start importing Assets/Prefabs/Shooter.prefab using Guid(0b03889845c8ae5449402daad31861d5) Importer(815301076,1909f56bfc062723c751e8b465ee728b)  -> (artifact id: 'ee23409230148b0c8d549c66f27d3bd5') in 0.007740 seconds 
  Import took 0.011196 seconds .

========================================================================
Received Import Request.
  Time since last request: 0.014045 seconds.
  path: Assets/Prefabs/Shooter.prefab
  artifactKey: Guid(0b03889845c8ae5449402daad31861d5) Importer(815301076,1909f56bfc062723c751e8b465ee728b)
Start importing Assets/Prefabs/Shooter.prefab using Guid(0b03889845c8ae5449402daad31861d5) Importer(815301076,1909f56bfc062723c751e8b465ee728b)  -> (artifact id: 'ee23409230148b0c8d549c66f27d3bd5') in 0.007281 seconds 
  Import took 0.010872 seconds .

========================================================================
Received Prepare
Registering precompiled user dll's ...
Registered in 0.005720 seconds.
Begin MonoManager ReloadAssembly
Native extension for WindowsStandalone target not found
Refreshing native plugins compatible for Editor in 0.47 ms, found 2 plugins.
Preloading 0 native plugins for Editor in 0.00 ms.
Mono: successfully reloaded assembly
- Completed reload, in  1.295 seconds
Domain Reload Profiling:
	ReloadAssembly (1296ms)
		BeginReloadAssembly (145ms)
			ExecutionOrderSort (0ms)
			DisableScriptedObjects (5ms)
			BackupInstance (0ms)
			ReleaseScriptingObjects (0ms)
			CreateAndSetChildDomain (39ms)
		EndReloadAssembly (1069ms)
			LoadAssemblies (111ms)
			RebuildTransferFunctionScriptingTraits (0ms)
			SetupTypeCache (336ms)
			ReleaseScriptCaches (1ms)
			RebuildScriptCaches (49ms)
			SetupLoadedEditorAssemblies (407ms)
				LogAssemblyErrors (0ms)
				InitializePlatformSupportModulesInManaged (10ms)
				SetLoadedEditorAssemblies (1ms)
				RefreshPlugins (1ms)
				BeforeProcessingInitializeOnLoad (126ms)
				ProcessInitializeOnLoadAttributes (257ms)
				ProcessInitializeOnLoadMethodAttributes (5ms)
				AfterProcessingInitializeOnLoad (7ms)
				EditorAssembliesLoaded (0ms)
			ExecutionOrderSort2 (0ms)
			AwakeInstancesAfterBackupRestoration (10ms)
Platform modules already initialized, skipping
Refreshing native plugins compatible for Editor in 0.64 ms, found 2 plugins.
Preloading 0 native plugins for Editor in 0.00 ms.
Unloading 1388 Unused Serialized files (Serialized files now loaded: 0)
System memory in use before: 68.6 MB.
System memory in use after: 68.7 MB.

Unloading 14 unused Assets to reduce memory usage. Loaded Objects now: 1856.
Total: 2.152700 ms (FindLiveObjects: 0.162800 ms CreateObjectMapping: 0.033300 ms MarkObjects: 1.895800 ms  DeleteObjects: 0.059600 ms)

AssetImportParameters requested are different than current active one (requested -> active):
  custom:framework-win-MediaFoundation: 216162199b28c13a410421893ffa2e32 -> 
  custom:video-decoder-ogg-theora: a1e56fd34408186e4bbccfd4996cb3dc -> 
  custom:container-muxer-webm: aa71ff27fc2769a1b78a27578f13a17b -> 
  custom:container-demuxer-webm: 4f35f7cbe854078d1ac9338744f61a02 -> 
  custom:container-demuxer-ogg: 62fdf1f143b41e24485cea50d1cbac27 -> 
  custom:video-encoder-webm-vp8: eb34c28f22e8b96e1ab97ce403110664 -> 
  custom:video-decoder-webm-vp8: 9c59270c3fd7afecdb556c50c9e8de78 -> 
  custom:audio-decoder-ogg-vorbis: bf7c407c2cedff20999df2af8eb42d56 -> 
  custom:audio-encoder-webm-vorbis: bf7c407c2cedff20999df2af8eb42d56 -> 
AssetImportWorkerClient::OnTransportError - code=2 error=End of file
